<?xml version="1.0" encoding="UTF-8"?>
<!-- Generated by org.testng.reporters.JUnitReportReporter -->
<testsuite hostname="LAPTOP-8BOHNQC4" failures="0" tests="1" name="assertStudy.assertTrue" time="0.033" errors="0" timestamp="2022-06-28T15:54:58 IST" skipped="0">
  <testcase classname="assertStudy.assertTrue" name="MyMethdo" time="0.033"/>
  <system-out>
    <![CDATA[d   is  so Tc is passed]]>
  </system-out>
</testsuite> <!-- assertStudy.assertTrue -->
