<?xml version="1.0" encoding="UTF-8"?>
<!-- Generated by org.testng.reporters.JUnitReportReporter -->
<testsuite hostname="LAPTOP-8BOHNQC4" failures="0" tests="3" name="TestNgIncludeExclude.MyTest" time="0.032" errors="0" timestamp="2022-06-23T14:14:15 IST" skipped="0">
  <testcase classname="TestNgIncludeExclude.MyTest" name="a" time="0.026"/>
  <system-out>
    <![CDATA[a is running ]]>
  </system-out>
  <testcase classname="TestNgIncludeExclude.MyTest" name="d" time="0.003"/>
  <system-out>
    <![CDATA[d is running ]]>
  </system-out>
  <testcase classname="TestNgIncludeExclude.MyTest" name="v" time="0.003"/>
  <system-out>
    <![CDATA[v is running ]]>
  </system-out>
</testsuite> <!-- TestNgIncludeExclude.MyTest -->
