<?xml version="1.0" encoding="UTF-8"?>
<!-- Generated by org.testng.reporters.JUnitReportReporter -->
<testsuite hostname="LAPTOP-8BOHNQC4" failures="0" tests="2" name="TestNgAnnotation.AnnotationStudy" time="0.021" errors="0" timestamp="2022-06-22T15:44:49 IST" skipped="0">
  <testcase classname="TestNgAnnotation.AnnotationStudy" name="validateDashBoard" time="0.010"/>
  <system-out>
    <![CDATA[DashBoard validate]]>
  </system-out>
  <testcase classname="TestNgAnnotation.AnnotationStudy" name="validateUserID" time="0.011"/>
  <system-out>
    <![CDATA[UserID validated]]>
  </system-out>
</testsuite> <!-- TestNgAnnotation.AnnotationStudy -->
