<?xml version="1.0" encoding="UTF-8"?>
<!-- Generated by org.testng.reporters.JUnitReportReporter -->
<testsuite hostname="LAPTOP-8BOHNQC4" failures="0" tests="3" name="TestNgKeyword.InvocationCountUse" time="0.032" errors="0" timestamp="2022-06-23T13:56:44 IST" skipped="0">
  <testcase classname="TestNgKeyword.InvocationCountUse" name="helloWord" time="0.022"/>
  <system-out>
    <![CDATA[hello]]>
  </system-out>
  <testcase classname="TestNgKeyword.InvocationCountUse" name="helloWord" time="0.005"/>
  <system-out>
    <![CDATA[hello]]>
  </system-out>
  <testcase classname="TestNgKeyword.InvocationCountUse" name="helloWord" time="0.005"/>
  <system-out>
    <![CDATA[hello]]>
  </system-out>
</testsuite> <!-- TestNgKeyword.InvocationCountUse -->
