<?xml version="1.0" encoding="UTF-8"?>
<!-- Generated by org.testng.reporters.JUnitReportReporter -->
<testsuite hostname="LAPTOP-8BOHNQC4" failures="0" tests="1" name="TestNgstudy1.MyTestClass1" time="28.708" errors="0" timestamp="2022-06-22T14:55:37 IST" skipped="0">
  <testcase classname="TestNgstudy1.MyTestClass1" name="Mymethod1" time="28.708"/>
  <system-out>
    <![CDATA[hi this is method running 
hi this is method running true]]>
  </system-out>
</testsuite> <!-- TestNgstudy1.MyTestClass1 -->
