<?xml version="1.0" encoding="UTF-8"?>
<!-- Generated by org.testng.reporters.JUnitReportReporter -->
<testsuite hostname="LAPTOP-8BOHNQC4" failures="0" tests="3" name="TestNgKeyword.DependtsOnMethodUse" time="0.013" errors="0" timestamp="2022-06-23T13:47:42 IST" skipped="0">
  <testcase classname="TestNgKeyword.DependtsOnMethodUse" name="a" time="0.003"/>
  <system-out>
    <![CDATA[a is running]]>
  </system-out>
  <testcase classname="TestNgKeyword.DependtsOnMethodUse" name="v" time="0.006"/>
  <system-out>
    <![CDATA[v is running]]>
  </system-out>
  <testcase classname="TestNgKeyword.DependtsOnMethodUse" name="d" time="0.004"/>
  <system-out>
    <![CDATA[d is running]]>
  </system-out>
</testsuite> <!-- TestNgKeyword.DependtsOnMethodUse -->
