<?xml version="1.0" encoding="UTF-8"?>
<!-- Generated by org.testng.reporters.JUnitReportReporter -->
<testsuite hostname="LAPTOP-8BOHNQC4" failures="0" tests="1" name="TestNgAnnotation.InnocationCount" time="0.015" errors="0" timestamp="2022-06-22T15:44:49 IST" skipped="0">
  <testcase classname="TestNgAnnotation.InnocationCount" name="helloWord" time="0.015"/>
  <system-out>
    <![CDATA[hello]]>
  </system-out>
</testsuite> <!-- TestNgAnnotation.InnocationCount -->
