<?xml version="1.0" encoding="UTF-8"?>
<!-- Generated by org.testng.reporters.JUnitReportReporter -->
<testsuite hostname="LAPTOP-8BOHNQC4" failures="0" tests="2" name="assertStudy.HardAssert" time="0.041" errors="0" timestamp="2022-06-28T15:41:11 IST" skipped="0">
  <testcase classname="assertStudy.HardAssert" name="MyMethod" time="0.039"/>
  <system-out>
    <![CDATA[a and b is matching so Tc is failed]]>
  </system-out>
  <testcase classname="assertStudy.HardAssert" name="mymethod" time="0.002"/>
  <system-out>
    <![CDATA[c and d is not equal so Tc is passed]]>
  </system-out>
</testsuite> <!-- assertStudy.HardAssert -->
